2024-01-15 12:59:36:5936 [32minfo[39m: [32mServer running on port 3001[39m
2024-01-15 13:02:21:221 [35mhttp[39m: [35mGET /login 404 144 - 2.924 ms[39m
[35m[39m
2024-01-15 13:02:24:224 [35mhttp[39m: [35mGET / 200 25 - 2.526 ms[39m
[35m[39m
2024-01-15 16:26:17:2617 [32minfo[39m: [32mServer running on port 3001[39m
2024-01-15 16:26:35:2635 [32minfo[39m: [32mServer running on port 3001[39m
2024-01-15 18:17:03:173 [32minfo[39m: [32mServer running on port 3001[39m
2024-01-15 18:17:29:1729 [32minfo[39m: [32mServer running on port 3001[39m
2024-01-15 18:18:05:185 [32minfo[39m: [32mServer running on port 3001[39m
2024-01-15 18:20:22:2022 [32minfo[39m: [32mServer running on port 3001[39m
2024-01-15 18:21:55:2155 [32minfo[39m: [32mServer running on port 3001[39m
2024-01-15 18:22:10:2210 [32minfo[39m: [32mServer running on port 3001[39m
2024-01-15 18:23:57:2357 [32minfo[39m: [32mServer running on port 3001[39m
2024-01-15 21:07:26:726 [32minfo[39m: [32mServer running on port 3001[39m
2024-01-15 21:07:31:731 [35mhttp[39m: [35mGET /categories 200 63 - 1.055 ms[39m
[35m[39m
2024-01-15 21:13:27:1327 [35mhttp[39m: [35mGET /categories 304 - - 1.002 ms[39m
[35m[39m
2024-01-15 21:33:04:334 [35mhttp[39m: [35mGET /categories 304 - - 1.765 ms[39m
[35m[39m
2024-01-15 21:44:43:4443 [35mhttp[39m: [35mGET /categories 304 - - 0.436 ms[39m
[35m[39m
2024-01-15 22:01:23:123 [32minfo[39m: [32mServer running on port 3001[39m
2024-01-15 22:18:44:1844 [32minfo[39m: [32mServer running on port 3001[39m
2024-01-15 22:22:12:2212 [32minfo[39m: [32mServer running on port 3001[39m
2024-01-15 22:22:59:2259 [32minfo[39m: [32mServer running on port 3001[39m
2024-01-15 22:29:38:2938 [32minfo[39m: [32mServer running on port 3001[39m
2024-01-15 22:30:56:3056 [35mhttp[39m: [35mGET /categories 200 181 - 23.547 ms[39m
[35m[39m
2024-01-15 22:51:04:514 [35mhttp[39m: [35mGET /categories 304 - - 16.092 ms[39m
[35m[39m
2024-01-15 22:51:14:5114 [35mhttp[39m: [35mGET /categories 304 - - 1.545 ms[39m
[35m[39m
2024-01-15 22:51:20:5120 [35mhttp[39m: [35mGET /categories 304 - - 1.391 ms[39m
[35m[39m
2024-01-15 22:51:51:5151 [35mhttp[39m: [35mGET /categories 304 - - 1.719 ms[39m
[35m[39m
2024-01-15 22:51:52:5152 [35mhttp[39m: [35mGET /categories 304 - - 3.827 ms[39m
[35m[39m
2024-01-15 22:56:16:5616 [35mhttp[39m: [35mGET /categories 304 - - 7.494 ms[39m
[35m[39m
2024-01-15 22:56:49:5649 [35mhttp[39m: [35mGET /categories 304 - - 13.132 ms[39m
[35m[39m
2024-01-15 23:20:39:2039 [35mhttp[39m: [35mGET /categories 304 - - 2.336 ms[39m
[35m[39m
2024-01-15 23:21:02:212 [35mhttp[39m: [35mGET /categories 304 - - 1.062 ms[39m
[35m[39m
2024-01-15 23:26:29:2629 [35mhttp[39m: [35mPOST /products 404 148 - 0.412 ms[39m
[35m[39m
2024-01-15 23:37:33:3733 [35mhttp[39m: [35mGET /categories 304 - - 2.100 ms[39m
[35m[39m
2024-01-15 23:37:37:3737 [35mhttp[39m: [35mGET /categories 200 181 - 1.264 ms[39m
[35m[39m
2024-01-15 23:48:51:4851 [35mhttp[39m: [35mGET /categories 200 181 - 2.447 ms[39m
[35m[39m
2024-01-15 23:50:47:5047 [35mhttp[39m: [35mGET /categories 200 181 - 2.441 ms[39m
[35m[39m
2024-01-15 23:59:14:5914 [35mhttp[39m: [35mGET /categories 304 - - 2.652 ms[39m
[35m[39m
2024-01-16 00:00:09:09 [35mhttp[39m: [35mGET /categories 304 - - 4.013 ms[39m
[35m[39m
2024-01-16 00:02:08:28 [35mhttp[39m: [35mGET /categories 304 - - 1.433 ms[39m
[35m[39m
2024-01-16 00:48:25:4825 [35mhttp[39m: [35mGET /categories 304 - - 2.078 ms[39m
[35m[39m
2024-01-16 00:48:39:4839 [35mhttp[39m: [35mGET /categories 304 - - 0.898 ms[39m
[35m[39m
2024-01-16 00:53:44:5344 [35mhttp[39m: [35mGET /categories 304 - - 3.023 ms[39m
[35m[39m
2024-01-16 00:59:30:5930 [35mhttp[39m: [35mGET /categories 304 - - 2.235 ms[39m
[35m[39m
2024-01-16 01:01:09:19 [35mhttp[39m: [35mGET /categories 304 - - 5.142 ms[39m
[35m[39m
2024-01-16 01:01:10:110 [35mhttp[39m: [35mGET /categories 304 - - 1.111 ms[39m
[35m[39m
2024-01-16 01:06:37:637 [35mhttp[39m: [35mGET /categories 304 - - 5.323 ms[39m
[35m[39m
2024-01-16 01:06:44:644 [35mhttp[39m: [35mGET /categories 304 - - 1.337 ms[39m
[35m[39m
2024-01-16 01:06:47:647 [35mhttp[39m: [35mGET /categories 304 - - 1.095 ms[39m
[35m[39m
2024-01-16 01:07:13:713 [35mhttp[39m: [35mGET /categories 304 - - 2.019 ms[39m
[35m[39m
2024-01-16 01:08:41:841 [35mhttp[39m: [35mGET /categories 304 - - 14.459 ms[39m
[35m[39m
2024-01-16 01:26:16:2616 [35mhttp[39m: [35mGET /categories 200 181 - 2.144 ms[39m
[35m[39m
2024-01-16 01:35:39:3539 [35mhttp[39m: [35mGET /categories 304 - - 2.946 ms[39m
[35m[39m
2024-01-16 01:46:36:4636 [35mhttp[39m: [35mGET /categories 200 181 - 2.513 ms[39m
[35m[39m
2024-01-16 01:49:06:496 [35mhttp[39m: [35mGET /categories 200 181 - 0.970 ms[39m
[35m[39m
2024-01-16 01:59:18:5918 [35mhttp[39m: [35mGET /categories 304 - - 4.142 ms[39m
[35m[39m
2024-01-16 01:59:35:5935 [35mhttp[39m: [35mGET /categories 200 181 - 0.824 ms[39m
[35m[39m
2024-01-16 02:02:52:252 [35mhttp[39m: [35mGET /categories 304 - - 1.722 ms[39m
[35m[39m
2024-01-16 02:03:43:343 [35mhttp[39m: [35mGET /categories 304 - - 1.170 ms[39m
[35m[39m
2024-01-16 02:09:42:942 [35mhttp[39m: [35mGET /categories 304 - - 3.938 ms[39m
[35m[39m
2024-01-16 02:27:12:2712 [35mhttp[39m: [35mGET /categories 304 - - 1.987 ms[39m
[35m[39m
2024-01-16 03:10:08:108 [35mhttp[39m: [35mGET /categories 304 - - 3.948 ms[39m
[35m[39m
2024-01-16 03:16:52:1652 [35mhttp[39m: [35mGET /categories 304 - - 2.521 ms[39m
[35m[39m
2024-01-16 03:16:56:1656 [35mhttp[39m: [35mGET /categories 304 - - 0.869 ms[39m
[35m[39m
2024-01-16 03:35:45:3545 [35mhttp[39m: [35mGET /categories 304 - - 3.196 ms[39m
[35m[39m
2024-01-16 03:41:00:410 [35mhttp[39m: [35mGET /categories 304 - - 4.073 ms[39m
[35m[39m
2024-01-16 03:56:27:5627 [35mhttp[39m: [35mGET /categories 304 - - 8.746 ms[39m
[35m[39m
2024-01-16 16:17:56:1756 [32minfo[39m: [32mServer running on port 3001[39m
2024-01-16 16:17:58:1758 [35mhttp[39m: [35mGET /categories 304 - - 35.229 ms[39m
[35m[39m
2024-01-16 16:17:59:1759 [35mhttp[39m: [35mGET /categories 304 - - 2.541 ms[39m
[35m[39m
2024-01-16 16:30:49:3049 [35mhttp[39m: [35mGET /categories 304 - - 5.519 ms[39m
[35m[39m
2024-01-16 16:49:59:4959 [35mhttp[39m: [35mGET /categories 304 - - 4.984 ms[39m
[35m[39m
2024-01-16 16:50:45:5045 [35mhttp[39m: [35mGET /categories 304 - - 1.857 ms[39m
[35m[39m
2024-01-16 17:05:55:555 [35mhttp[39m: [35mGET /categories 304 - - 6.495 ms[39m
[35m[39m
2024-01-16 17:12:25:1225 [35mhttp[39m: [35mGET /categories 304 - - 3.921 ms[39m
[35m[39m
